#
# There is insufficient memory for the Java Runtime Environment to continue.
# Native memory allocation (malloc) failed to allocate 1048576 bytes for AllocateHeap
# Possible reasons:
#   The system is out of physical RAM or swap space
#   In 32 bit mode, the process size limit was hit
# Possible solutions:
#   Reduce memory load on the system
#   Increase physical memory or swap space
#   Check if swap backing store is full
#   Use 64 bit Java on a 64 bit OS
#   Decrease Java heap size (-Xmx/-Xms)
#   Decrease number of Java threads
#   Decrease Java thread stack sizes (-Xss)
#   Set larger code cache with -XX:ReservedCodeCacheSize=
# This output file may be truncated or incomplete.
#
#  Out of Memory Error (memory/allocation.inline.hpp:61), pid=8504, tid=728
#
# JRE version:  (8.0_91-b14) (build )
# Java VM: Java HotSpot(TM) 64-Bit Server VM (25.91-b14 mixed mode windows-amd64 compressed oops)
# Failed to write core dump. Minidumps are not enabled by default on client versions of Windows
#

---------------  T H R E A D  ---------------

Current thread (0x00000000023bd800):  JavaThread "Unknown thread" [_thread_in_vm, id=728, stack(0x00000000023f0000,0x00000000024f0000)]

Stack: [0x00000000023f0000,0x00000000024f0000]
[error occurred during error reporting (printing stack bounds), id 0xc0000005]

Native frames: (J=compiled Java code, j=interpreted, Vv=VM code, C=native code)


---------------  P R O C E S S  ---------------

Java Threads: ( => current thread )

Other Threads:

=>0x00000000023bd800 (exited) JavaThread "Unknown thread" [_thread_in_vm, id=728, stack(0x00000000023f0000,0x00000000024f0000)]

VM state:not at safepoint (normal execution)

VM Mutex/Monitor currently owned by a thread: None

Heap:
 PSYoungGen      total 18944K, used 327K [0x00000000eb500000, 0x00000000eca00000, 0x0000000100000000)
  eden space 16384K, 2% used [0x00000000eb500000,0x00000000eb551ec8,0x00000000ec500000)
  from space 2560K, 0% used [0x00000000ec780000,0x00000000ec780000,0x00000000eca00000)
  to   space 2560K, 0% used [0x00000000ec500000,0x00000000ec500000,0x00000000ec780000)
 ParOldGen       total 44032K, used 0K [0x00000000c1e00000, 0x00000000c4900000, 0x00000000eb500000)
  object space 44032K, 0% used [0x00000000c1e00000,0x00000000c1e00000,0x00000000c4900000)
 Metaspace       used 769K, capacity 4480K, committed 4480K, reserved 1056768K
  class space    used 75K, capacity 384K, committed 384K, reserved 1048576K

Card table byte_map: [0x00000000119b0000,0x0000000011bb0000] byte_map_base: 0x00000000113a1000

Marking Bits: (ParMarkBitMap*) 0x000000005c722f70
 Begin Bits: [0x0000000012100000, 0x0000000013088000)
 End Bits:   [0x0000000013088000, 0x0000000014010000)

Polling page: 0x0000000002340000

CodeCache: size=245760Kb used=328Kb max_used=328Kb free=245431Kb
 bounds [0x00000000025f0000, 0x0000000002860000, 0x00000000115f0000]
 total_blobs=58 nmethods=0 adapters=38
 compilation: enabled

Compilation events (0 events):
No events

GC Heap History (0 events):
No events

Deoptimization events (0 events):
No events

Internal exceptions (0 events):
No events

Events (10 events):
Event: 0.091 loading class java/lang/Short
Event: 0.091 loading class java/lang/Short done
Event: 0.091 loading class java/lang/Integer
Event: 0.091 loading class java/lang/Integer done
Event: 0.091 loading class java/lang/Long
Event: 0.092 loading class java/lang/Long done
Event: 0.095 loading class java/lang/NullPointerException
Event: 0.095 loading class java/lang/NullPointerException done
Event: 0.095 loading class java/lang/ArithmeticException
Event: 0.095 loading class java/lang/ArithmeticException done


Dynamic libraries:
0x00007ff658460000 - 0x00007ff658497000 	C:\Program Files\Java\jdk1.8.0_91\jre\bin\java.exe
0x00007ffdb3f40000 - 0x00007ffdb40ed000 	C:\WINDOWS\SYSTEM32\ntdll.dll
0x00007ffdb3c30000 - 0x00007ffdb3d6e000 	C:\WINDOWS\system32\KERNEL32.DLL
0x00007ffdb12c0000 - 0x00007ffdb13d5000 	C:\WINDOWS\system32\KERNELBASE.dll
0x00007ffdafc40000 - 0x00007ffdafcce000 	C:\WINDOWS\system32\apphelp.dll
0x00007ffda9e80000 - 0x00007ffda9ed3000 	C:\WINDOWS\AppPatch\AppPatch64\AcGenral.DLL
0x00007ffdb2fb0000 - 0x00007ffdb305a000 	C:\WINDOWS\system32\msvcrt.dll
0x00007ffdb1190000 - 0x00007ffdb11be000 	C:\WINDOWS\system32\SspiCli.dll
0x00007ffdb2d30000 - 0x00007ffdb2d84000 	C:\WINDOWS\system32\SHLWAPI.dll
0x00007ffdb2b50000 - 0x00007ffdb2cc7000 	C:\WINDOWS\system32\USER32.dll
0x00007ffdb3480000 - 0x00007ffdb3614000 	C:\WINDOWS\system32\ole32.dll
0x00007ffdb15c0000 - 0x00007ffdb2aea000 	C:\WINDOWS\system32\SHELL32.dll
0x00007ffdb0630000 - 0x00007ffdb0651000 	C:\WINDOWS\SYSTEM32\USERENV.dll
0x00007ffdb3e50000 - 0x00007ffdb3efa000 	C:\WINDOWS\system32\ADVAPI32.dll
0x00007ffda7a50000 - 0x00007ffda7a6e000 	C:\WINDOWS\SYSTEM32\MPR.dll
0x00007ffdb38c0000 - 0x00007ffdb3a00000 	C:\WINDOWS\system32\RPCRT4.dll
0x00007ffdb3a10000 - 0x00007ffdb3a69000 	C:\WINDOWS\SYSTEM32\sechost.dll
0x00007ffdb2d90000 - 0x00007ffdb2fa1000 	C:\WINDOWS\SYSTEM32\combase.dll
0x00007ffdb3ae0000 - 0x00007ffdb3c2f000 	C:\WINDOWS\system32\GDI32.dll
0x00007ffdb1060000 - 0x00007ffdb1075000 	C:\WINDOWS\SYSTEM32\profapi.dll
0x00007ffdaf600000 - 0x00007ffdaf6b2000 	C:\WINDOWS\SYSTEM32\SHCORE.dll
0x00007ffdb3f00000 - 0x00007ffdb3f36000 	C:\WINDOWS\system32\IMM32.DLL
0x00007ffdb3320000 - 0x00007ffdb3472000 	C:\WINDOWS\system32\MSCTF.dll
0x00007ffdaefc0000 - 0x00007ffdaf23b000 	C:\WINDOWS\WinSxS\amd64_microsoft.windows.common-controls_6595b64144ccf1df_6.0.9600.18006_none_623f33d3ecbe86e8\COMCTL32.dll
0x000000005df30000 - 0x000000005e002000 	C:\Program Files\Java\jdk1.8.0_91\jre\bin\msvcr100.dll
0x000000005bf10000 - 0x000000005c7a3000 	C:\Program Files\Java\jdk1.8.0_91\jre\bin\server\jvm.dll
0x00007ffdaa500000 - 0x00007ffdaa509000 	C:\WINDOWS\SYSTEM32\WSOCK32.dll
0x00007ffdaadb0000 - 0x00007ffdaadd2000 	C:\WINDOWS\SYSTEM32\WINMM.dll
0x00007ffdab440000 - 0x00007ffdab44a000 	C:\WINDOWS\SYSTEM32\VERSION.dll
0x00007ffdb3300000 - 0x00007ffdb3307000 	C:\WINDOWS\system32\PSAPI.DLL
0x00007ffdb2cd0000 - 0x00007ffdb2d2a000 	C:\WINDOWS\system32\WS2_32.dll
0x00007ffdaa570000 - 0x00007ffdaa59a000 	C:\WINDOWS\SYSTEM32\WINMMBASE.dll
0x00007ffdb3310000 - 0x00007ffdb3319000 	C:\WINDOWS\system32\NSI.dll
0x00007ffdb1270000 - 0x00007ffdb12bf000 	C:\WINDOWS\SYSTEM32\cfgmgr32.dll
0x00007ffdafe90000 - 0x00007ffdafeb8000 	C:\WINDOWS\SYSTEM32\DEVOBJ.dll
0x000000005e230000 - 0x000000005e23f000 	C:\Program Files\Java\jdk1.8.0_91\jre\bin\verify.dll
0x000000005e200000 - 0x000000005e229000 	C:\Program Files\Java\jdk1.8.0_91\jre\bin\java.dll
0x000000005e1e0000 - 0x000000005e1f6000 	C:\Program Files\Java\jdk1.8.0_91\jre\bin\zip.dll

VM Arguments:
java_command: C:\Users\sanjana\workspace\KeywordFrame\target\surefire\surefirebooter7242340248860634359.jar C:\Users\sanjana\workspace\KeywordFrame\target\surefire\surefire1384456877044459936tmp C:\Users\sanjana\workspace\KeywordFrame\target\surefire\surefire_0857946393664722359tmp
java_class_path (initial): C:\Users\sanjana\workspace\KeywordFrame\target\surefire\surefirebooter7242340248860634359.jar
Launcher Type: SUN_STANDARD

Environment Variables:
PATH=C:/Program Files/Java/jre1.8.0_91/bin/server;C:/Program Files/Java/jre1.8.0_91/bin;C:/Program Files/Java/jre1.8.0_91/lib/amd64;C:\Program Files\Microsoft MPI\Bin\;C:\ProgramData\Oracle\Java\javapath;C:\Program Files (x86)\Intel\iCLS Client\;C:\Program Files\Intel\iCLS Client\;C:\WINDOWS\system32;C:\WINDOWS;C:\WINDOWS\System32\Wbem;C:\Program Files\Java\jdk1.8.0_91\bin;C:\WINDOWS\System32\WindowsPowerShell\v1.0\;C:\Program Files (x86)\Intel\OpenCL SDK\2.0\bin\x86;C:\Program Files (x86)\Intel\OpenCL SDK\2.0\bin\x64;C:\Program Files\Intel\Intel(R) Management Engine Components\DAL;C:\Program Files\Intel\Intel(R) Management Engine Components\IPT;C:\Program Files (x86)\Intel\Intel(R) Management Engine Components\DAL;C:\Program Files (x86)\Intel\Intel(R) Management Engine Components\IPT;C:\Program Files\Sony\VAIO Improvement\;C:\Program Files (x86)\Sony\VAIO Startup Setting Tool;C:\Program Files\TortoiseGit\bin;C:\Program Files\Microsoft SQL Server\Client SDK\ODBC\130\Tools\Binn\;C:\Program Files (x86)\Microsoft SQL Server\140\Tools\Binn\;C:\Program Files\Microsoft SQL Server\140\Tools\Binn\;C:\Program Files\Microsoft SQL Server\140\DTS\Binn\;C:\Program Files\Microsoft SQL Server\Client SDK\ODBC\110\Tools\Binn\;C:\Program Files (x86)\Microsoft SQL Server\120\Tools\Binn\ManagementStudio\;C:\Program Files (x86)\Microsoft SQL Server\120\Tools\Binn\;C:\Program Files\Microsoft SQL Server\120\Tools\Binn\;C:\Program Files (x86)\Microsoft SQL Server\120\DTS\Binn\;C:\Program Files\Microsoft SQL Server\120\DTS\Binn\;C:\Program Files (x86)\Microsoft SQL Server\140\DTS\Binn\;F:\eclipse;
USERNAME=sanjana
OS=Windows_NT
PROCESSOR_IDENTIFIER=Intel64 Family 6 Model 42 Stepping 7, GenuineIntel



---------------  S Y S T E M  ---------------

OS: Windows 8.1 , 64 bit Build 9600 (6.3.9600.17415)

CPU:total 4 (2 cores per cpu, 2 threads per core) family 6 model 42 stepping 7, cmov, cx8, fxsr, mmx, sse, sse2, sse3, ssse3, sse4.1, sse4.2, popcnt, avx, clmul, ht, tsc, tscinvbit

Memory: 4k page, physical 4068636k(936700k free), swap 7214364k(5312k free)

vm_info: Java HotSpot(TM) 64-Bit Server VM (25.91-b14) for windows-amd64 JRE (1.8.0_91-b14), built on Apr  1 2016 00:58:32 by "java_re" with MS VC++ 10.0 (VS2010)

time: Sun Mar 31 16:10:47 2019
elapsed time: 0 seconds (0d 0h 0m 0s)

